0 silly argv {
0 silly argv   _: [ 'run' ],
0 silly argv   stream: true,
0 silly argv   sort: true,
0 silly argv   lernaVersion: '3.22.1',
0 silly argv   '$0': '/Users/fuguoqiang/Documents/workspace/glue/node_modules/.bin/lerna',
0 silly argv   script: 'doc'
0 silly argv }
1 notice cli v3.22.1
2 verbose rootPath /Users/fuguoqiang/Documents/workspace/glue
3 info Executing command in 1 package: "yarn run doc"
4 silly npmRunScript.stream [ 'doc', [], 'doc' ]
5 silly getExecOpts /Users/fuguoqiang/Documents/workspace/glue/packages/doc undefined
6 error MaxBufferError: stderr maxBuffer exceeded
6 error     at PassThrough.<anonymous> (/Users/fuguoqiang/Documents/workspace/glue/node_modules/get-stream/index.js:41:19)
6 error     at PassThrough.emit (node:events:538:35)
6 error     at addChunk (node:internal/streams/readable:315:12)
6 error     at readableAddChunk (node:internal/streams/readable:285:11)
6 error     at PassThrough.Readable.push (node:internal/streams/readable:228:10)
6 error     at node:internal/streams/transform:192:12
6 error     at PassThrough._transform (node:internal/streams/passthrough:46:3)
6 error     at PassThrough.Transform._write (node:internal/streams/transform:184:23)
6 error     at writeOrBuffer (node:internal/streams/writable:389:12)
